[2015/04/16 14:52:48] [warning] Language dir not found: C:\Users\Francisco A. Reyes\Dropbox\1daw\DAW - 3er Trimestre\PROGRAMACION\Tema7\buscaRecambios\src\buscaRecambios\ventanas\..\UserLanguage
[2015/04/16 14:52:49] [warning] java.io.FileNotFoundException: C:\Program Files\NetBeans 8.0.1\bin\sde\product_edition.properties (Acceso denegado)
	at java.io.FileOutputStream.open(Native Method)
	at java.io.FileOutputStream.<init>(FileOutputStream.java:221)
	at java.io.FileOutputStream.<init>(FileOutputStream.java:171)
	at v.damv.a(:79)
	at v.damv.a(:59)
	at com.vp.vpsde.nb.NBInit.<init>(:46)
	at sun.reflect.NativeConstructorAccessorImpl.newInstance0(Native Method)
	at sun.reflect.NativeConstructorAccessorImpl.newInstance(NativeConstructorAccessorImpl.java:57)
	at sun.reflect.DelegatingConstructorAccessorImpl.newInstance(DelegatingConstructorAccessorImpl.java:45)
	at java.lang.reflect.Constructor.newInstance(Constructor.java:526)
	at org.openide.util.SharedClassObject.createInstancePrivileged(SharedClassObject.java:658)
	at org.openide.util.SharedClassObject$SetAccessibleAction.run(SharedClassObject.java:1018)
	at org.openide.util.SharedClassObject$SetAccessibleAction.run(SharedClassObject.java:1010)
	at java.security.AccessController.doPrivileged(Native Method)
	at org.openide.util.SharedClassObject.findObject(SharedClassObject.java:532)
	at org.netbeans.core.startup.NbInstaller.loadCode(NbInstaller.java:468)
	at org.netbeans.core.startup.NbInstaller.loadImpl(NbInstaller.java:394)
	at org.netbeans.core.startup.NbInstaller.access$000(NbInstaller.java:105)
	at org.netbeans.core.startup.NbInstaller$1.run(NbInstaller.java:346)
	at org.openide.filesystems.FileUtil$2.run(FileUtil.java:447)
	at org.openide.filesystems.EventControl.runAtomicAction(EventControl.java:127)
	at org.openide.filesystems.FileSystem.runAtomicAction(FileSystem.java:641)
	at org.openide.filesystems.FileUtil.runAtomicAction(FileUtil.java:431)
	at org.openide.filesystems.FileUtil.runAtomicAction(FileUtil.java:451)
	at org.netbeans.core.startup.NbInstaller.load(NbInstaller.java:343)
	at org.netbeans.ModuleManager.enable(ModuleManager.java:1194)
	at org.netbeans.ModuleManager.enable(ModuleManager.java:1017)
	at org.netbeans.core.startup.ModuleList.installNew(ModuleList.java:340)
	at org.netbeans.core.startup.ModuleList.trigger(ModuleList.java:276)
	at org.netbeans.core.startup.ModuleSystem.restore(ModuleSystem.java:301)
	at org.netbeans.core.startup.Main.getModuleSystem(Main.java:181)
	at org.netbeans.core.startup.Main.getModuleSystem(Main.java:150)
	at org.netbeans.core.startup.Main.start(Main.java:307)
	at org.netbeans.core.startup.TopThreadGroup.run(TopThreadGroup.java:123)
	at java.lang.Thread.run(Thread.java:745)

[2015/04/16 14:54:02] [warning] java.io.FileNotFoundException: C:\Program Files\NetBeans 8.0.1\bin\sde\product_edition.properties (Acceso denegado)
	at java.io.FileOutputStream.open(Native Method)
	at java.io.FileOutputStream.<init>(FileOutputStream.java:221)
	at java.io.FileOutputStream.<init>(FileOutputStream.java:171)
	at v.damv.a(:79)
	at v.damv.a(:59)
	at com.vp.vpsde.nb.NBInit.<init>(:46)
	at sun.reflect.NativeConstructorAccessorImpl.newInstance0(Native Method)
	at sun.reflect.NativeConstructorAccessorImpl.newInstance(NativeConstructorAccessorImpl.java:57)
	at sun.reflect.DelegatingConstructorAccessorImpl.newInstance(DelegatingConstructorAccessorImpl.java:45)
	at java.lang.reflect.Constructor.newInstance(Constructor.java:526)
	at org.openide.util.SharedClassObject.createInstancePrivileged(SharedClassObject.java:658)
	at org.openide.util.SharedClassObject$SetAccessibleAction.run(SharedClassObject.java:1018)
	at org.openide.util.SharedClassObject$SetAccessibleAction.run(SharedClassObject.java:1010)
	at java.security.AccessController.doPrivileged(Native Method)
	at org.openide.util.SharedClassObject.findObject(SharedClassObject.java:532)
	at org.netbeans.core.startup.NbInstaller.closing(NbInstaller.java:706)
	at org.netbeans.ModuleManager.shutDownAsync(ModuleManager.java:1986)
	at org.netbeans.core.startup.ModuleSystem.shutDownAsync(ModuleSystem.java:349)
	at org.netbeans.core.NbLifeExit.doExit(NbLifeExit.java:137)
	at org.netbeans.core.NbLifeExit.run(NbLifeExit.java:94)
	at org.openide.util.Mutex.doEvent(Mutex.java:1356)
	at org.openide.util.Mutex.readAccess(Mutex.java:355)
	at org.netbeans.core.NbLifecycleManager.exit(NbLifecycleManager.java:213)
	at org.netbeans.core.NbLifecycleManager.exit(NbLifecycleManager.java:119)
	at org.netbeans.core.windows.view.ui.MainWindow$9.windowClosing(MainWindow.java:525)
	at java.awt.AWTEventMulticaster.windowClosing(AWTEventMulticaster.java:349)
	at java.awt.AWTEventMulticaster.windowClosing(AWTEventMulticaster.java:349)
	at java.awt.Window.processWindowEvent(Window.java:2051)
	at javax.swing.JFrame.processWindowEvent(JFrame.java:296)
	at java.awt.Window.processEvent(Window.java:2009)
	at java.awt.Component.dispatchEventImpl(Component.java:4872)
	at java.awt.Container.dispatchEventImpl(Container.java:2287)
	at java.awt.Window.dispatchEventImpl(Window.java:2719)
	at java.awt.Component.dispatchEvent(Component.java:4698)
	at java.awt.EventQueue.dispatchEventImpl(EventQueue.java:735)
	at java.awt.EventQueue.access$200(EventQueue.java:103)
	at java.awt.EventQueue$3.run(EventQueue.java:694)
	at java.awt.EventQueue$3.run(EventQueue.java:692)
	at java.security.AccessController.doPrivileged(Native Method)
	at java.security.ProtectionDomain$1.doIntersectionPrivilege(ProtectionDomain.java:76)
	at java.security.ProtectionDomain$1.doIntersectionPrivilege(ProtectionDomain.java:87)
	at java.awt.EventQueue$4.run(EventQueue.java:708)
	at java.awt.EventQueue$4.run(EventQueue.java:706)
	at java.security.AccessController.doPrivileged(Native Method)
	at java.security.ProtectionDomain$1.doIntersectionPrivilege(ProtectionDomain.java:76)
	at java.awt.EventQueue.dispatchEvent(EventQueue.java:705)
	at org.netbeans.core.TimableEventQueue.dispatchEvent(TimableEventQueue.java:159)
	at java.awt.EventDispatchThread.pumpOneEventForFilters(EventDispatchThread.java:242)
	at java.awt.EventDispatchThread.pumpEventsForFilter(EventDispatchThread.java:161)
	at java.awt.EventDispatchThread.pumpEventsForHierarchy(EventDispatchThread.java:150)
	at java.awt.EventDispatchThread.pumpEvents(EventDispatchThread.java:146)
	at java.awt.EventDispatchThread.pumpEvents(EventDispatchThread.java:138)
	at java.awt.EventDispatchThread.run(EventDispatchThread.java:91)

[2015/04/16 14:54:04] [warning] java.io.FileNotFoundException: C:\Program Files\NetBeans 8.0.1\bin\sde\product_edition.properties (Acceso denegado)
	at java.io.FileOutputStream.open(Native Method)
	at java.io.FileOutputStream.<init>(FileOutputStream.java:221)
	at java.io.FileOutputStream.<init>(FileOutputStream.java:171)
	at v.damv.a(:79)
	at v.damv.a(:59)
	at com.vp.vpsde.nb.NBInit.<init>(:46)
	at sun.reflect.NativeConstructorAccessorImpl.newInstance0(Native Method)
	at sun.reflect.NativeConstructorAccessorImpl.newInstance(NativeConstructorAccessorImpl.java:57)
	at sun.reflect.DelegatingConstructorAccessorImpl.newInstance(DelegatingConstructorAccessorImpl.java:45)
	at java.lang.reflect.Constructor.newInstance(Constructor.java:526)
	at org.openide.util.SharedClassObject.createInstancePrivileged(SharedClassObject.java:658)
	at org.openide.util.SharedClassObject$SetAccessibleAction.run(SharedClassObject.java:1018)
	at org.openide.util.SharedClassObject$SetAccessibleAction.run(SharedClassObject.java:1010)
	at java.security.AccessController.doPrivileged(Native Method)
	at org.openide.util.SharedClassObject.findObject(SharedClassObject.java:532)
	at org.netbeans.core.startup.NbInstaller.closeAsync(NbInstaller.java:741)
	at org.netbeans.ModuleManager.shutDownAsync(ModuleManager.java:1999)
	at org.netbeans.core.startup.ModuleSystem.shutDownAsync(ModuleSystem.java:349)
	at org.netbeans.core.NbLifeExit.doExit(NbLifeExit.java:137)
	at org.netbeans.core.NbLifeExit.run(NbLifeExit.java:94)
	at org.openide.util.Mutex.doEvent(Mutex.java:1356)
	at org.openide.util.Mutex.readAccess(Mutex.java:355)
	at org.netbeans.core.NbLifecycleManager.exit(NbLifecycleManager.java:213)
	at org.netbeans.core.NbLifecycleManager.exit(NbLifecycleManager.java:119)
	at org.netbeans.core.windows.view.ui.MainWindow$9.windowClosing(MainWindow.java:525)
	at java.awt.AWTEventMulticaster.windowClosing(AWTEventMulticaster.java:349)
	at java.awt.AWTEventMulticaster.windowClosing(AWTEventMulticaster.java:349)
	at java.awt.Window.processWindowEvent(Window.java:2051)
	at javax.swing.JFrame.processWindowEvent(JFrame.java:296)
	at java.awt.Window.processEvent(Window.java:2009)
	at java.awt.Component.dispatchEventImpl(Component.java:4872)
	at java.awt.Container.dispatchEventImpl(Container.java:2287)
	at java.awt.Window.dispatchEventImpl(Window.java:2719)
	at java.awt.Component.dispatchEvent(Component.java:4698)
	at java.awt.EventQueue.dispatchEventImpl(EventQueue.java:735)
	at java.awt.EventQueue.access$200(EventQueue.java:103)
	at java.awt.EventQueue$3.run(EventQueue.java:694)
	at java.awt.EventQueue$3.run(EventQueue.java:692)
	at java.security.AccessController.doPrivileged(Native Method)
	at java.security.ProtectionDomain$1.doIntersectionPrivilege(ProtectionDomain.java:76)
	at java.security.ProtectionDomain$1.doIntersectionPrivilege(ProtectionDomain.java:87)
	at java.awt.EventQueue$4.run(EventQueue.java:708)
	at java.awt.EventQueue$4.run(EventQueue.java:706)
	at java.security.AccessController.doPrivileged(Native Method)
	at java.security.ProtectionDomain$1.doIntersectionPrivilege(ProtectionDomain.java:76)
	at java.awt.EventQueue.dispatchEvent(EventQueue.java:705)
	at org.netbeans.core.TimableEventQueue.dispatchEvent(TimableEventQueue.java:159)
	at java.awt.EventDispatchThread.pumpOneEventForFilters(EventDispatchThread.java:242)
	at java.awt.EventDispatchThread.pumpEventsForFilter(EventDispatchThread.java:161)
	at java.awt.EventDispatchThread.pumpEventsForHierarchy(EventDispatchThread.java:150)
	at java.awt.EventDispatchThread.pumpEvents(EventDispatchThread.java:146)
	at java.awt.EventDispatchThread.pumpEvents(EventDispatchThread.java:138)
	at java.awt.EventDispatchThread.run(EventDispatchThread.java:91)

